{"uid":"172249ace0130450","name":"Create a Card on Trello","fullName":"Test for Trello cards: Create a Card on Trello","historyId":"bf59adc76cb0ce6ff87bd45a916dc5c4","time":{"start":1655242814306,"stop":1655242825431,"duration":11125},"status":"broken","statusMessage":"selenium.common.exceptions.TimeoutException: Message: \nStacktrace:\n0   chromedriver                        0x000000010202dd19 chromedriver + 5197081\n1   chromedriver                        0x0000000101fbbb23 chromedriver + 4729635\n2   chromedriver                        0x0000000101b992b8 chromedriver + 393912\n3   chromedriver                        0x0000000101bce2fd chromedriver + 611069\n4   chromedriver                        0x0000000101bce581 chromedriver + 611713\n5   chromedriver                        0x0000000101c005a4 chromedriver + 816548\n6   chromedriver                        0x0000000101beb82d chromedriver + 731181\n7   chromedriver                        0x0000000101bfe2a1 chromedriver + 807585\n8   chromedriver                        0x0000000101beb6f3 chromedriver + 730867\n9   chromedriver                        0x0000000101bc1a49 chromedriver + 559689\n10  chromedriver                        0x0000000101bc2a75 chromedriver + 563829\n11  chromedriver                        0x0000000101fffbdd chromedriver + 5008349\n12  chromedriver                        0x0000000102004b64 chromedriver + 5028708\n13  chromedriver                        0x0000000102009bcf chromedriver + 5049295\n14  chromedriver                        0x00000001020057ca chromedriver + 5031882\n15  chromedriver                        0x0000000101fdf59f chromedriver + 4875679\n16  chromedriver                        0x000000010201f388 chromedriver + 5137288\n17  chromedriver                        0x000000010201f50f chromedriver + 5137679\n18  chromedriver                        0x0000000102035085 chromedriver + 5226629\n19  libsystem_pthread.dylib             0x00007fff203278fc _pthread_start + 224\n20  libsystem_pthread.dylib             0x00007fff20323443 thread_start + 15\n\n","statusTrace":"  File \"/Users/runner/hostedtoolcache/Python/3.10.4/x64/lib/python3.10/site-packages/behave/model.py\", line 1329, in run\n    match.run(runner.context)\n  File \"/Users/runner/hostedtoolcache/Python/3.10.4/x64/lib/python3.10/site-packages/behave/matchers.py\", line 98, in run\n    self.func(context, *args, **kwargs)\n  File \"tests/gui/features/steps/common_steps.py\", line 31, in step_impl\n    login_input = WebDriverWait(context.driver, 10).until(\n  File \"/Users/runner/hostedtoolcache/Python/3.10.4/x64/lib/python3.10/site-packages/selenium/webdriver/support/wait.py\", line 87, in until\n    raise TimeoutException(message, screen, stacktrace)\n","flaky":false,"newFailed":false,"newBroken":false,"newPassed":false,"retriesCount":0,"retriesStatusChange":false,"beforeStages":[],"testStage":{"status":"broken","statusMessage":"selenium.common.exceptions.TimeoutException: Message: \nStacktrace:\n0   chromedriver                        0x000000010202dd19 chromedriver + 5197081\n1   chromedriver                        0x0000000101fbbb23 chromedriver + 4729635\n2   chromedriver                        0x0000000101b992b8 chromedriver + 393912\n3   chromedriver                        0x0000000101bce2fd chromedriver + 611069\n4   chromedriver                        0x0000000101bce581 chromedriver + 611713\n5   chromedriver                        0x0000000101c005a4 chromedriver + 816548\n6   chromedriver                        0x0000000101beb82d chromedriver + 731181\n7   chromedriver                        0x0000000101bfe2a1 chromedriver + 807585\n8   chromedriver                        0x0000000101beb6f3 chromedriver + 730867\n9   chromedriver                        0x0000000101bc1a49 chromedriver + 559689\n10  chromedriver                        0x0000000101bc2a75 chromedriver + 563829\n11  chromedriver                        0x0000000101fffbdd chromedriver + 5008349\n12  chromedriver                        0x0000000102004b64 chromedriver + 5028708\n13  chromedriver                        0x0000000102009bcf chromedriver + 5049295\n14  chromedriver                        0x00000001020057ca chromedriver + 5031882\n15  chromedriver                        0x0000000101fdf59f chromedriver + 4875679\n16  chromedriver                        0x000000010201f388 chromedriver + 5137288\n17  chromedriver                        0x000000010201f50f chromedriver + 5137679\n18  chromedriver                        0x0000000102035085 chromedriver + 5226629\n19  libsystem_pthread.dylib             0x00007fff203278fc _pthread_start + 224\n20  libsystem_pthread.dylib             0x00007fff20323443 thread_start + 15\n\n","statusTrace":"  File \"/Users/runner/hostedtoolcache/Python/3.10.4/x64/lib/python3.10/site-packages/behave/model.py\", line 1329, in run\n    match.run(runner.context)\n  File \"/Users/runner/hostedtoolcache/Python/3.10.4/x64/lib/python3.10/site-packages/behave/matchers.py\", line 98, in run\n    self.func(context, *args, **kwargs)\n  File \"tests/gui/features/steps/common_steps.py\", line 31, in step_impl\n    login_input = WebDriverWait(context.driver, 10).until(\n  File \"/Users/runner/hostedtoolcache/Python/3.10.4/x64/lib/python3.10/site-packages/selenium/webdriver/support/wait.py\", line 87, in until\n    raise TimeoutException(message, screen, stacktrace)\n","steps":[{"name":"Given the user is logged in","time":{"start":1655242814306,"stop":1655242825429,"duration":11123},"status":"broken","statusMessage":"selenium.common.exceptions.TimeoutException: Message: \nStacktrace:\n0   chromedriver                        0x000000010202dd19 chromedriver + 5197081\n1   chromedriver                        0x0000000101fbbb23 chromedriver + 4729635\n2   chromedriver                        0x0000000101b992b8 chromedriver + 393912\n3   chromedriver                        0x0000000101bce2fd chromedriver + 611069\n4   chromedriver                        0x0000000101bce581 chromedriver + 611713\n5   chromedriver                        0x0000000101c005a4 chromedriver + 816548\n6   chromedriver                        0x0000000101beb82d chromedriver + 731181\n7   chromedriver                        0x0000000101bfe2a1 chromedriver + 807585\n8   chromedriver                        0x0000000101beb6f3 chromedriver + 730867\n9   chromedriver                        0x0000000101bc1a49 chromedriver + 559689\n10  chromedriver                        0x0000000101bc2a75 chromedriver + 563829\n11  chromedriver                        0x0000000101fffbdd chromedriver + 5008349\n12  chromedriver                        0x0000000102004b64 chromedriver + 5028708\n13  chromedriver                        0x0000000102009bcf chromedriver + 5049295\n14  chromedriver                        0x00000001020057ca chromedriver + 5031882\n15  chromedriver                        0x0000000101fdf59f chromedriver + 4875679\n16  chromedriver                        0x000000010201f388 chromedriver + 5137288\n17  chromedriver                        0x000000010201f50f chromedriver + 5137679\n18  chromedriver                        0x0000000102035085 chromedriver + 5226629\n19  libsystem_pthread.dylib             0x00007fff203278fc _pthread_start + 224\n20  libsystem_pthread.dylib             0x00007fff20323443 thread_start + 15\n\n","statusTrace":"  File \"/Users/runner/hostedtoolcache/Python/3.10.4/x64/lib/python3.10/site-packages/behave/model.py\", line 1329, in run\n    match.run(runner.context)\n  File \"/Users/runner/hostedtoolcache/Python/3.10.4/x64/lib/python3.10/site-packages/behave/matchers.py\", line 98, in run\n    self.func(context, *args, **kwargs)\n  File \"tests/gui/features/steps/common_steps.py\", line 31, in step_impl\n    login_input = WebDriverWait(context.driver, 10).until(\n  File \"/Users/runner/hostedtoolcache/Python/3.10.4/x64/lib/python3.10/site-packages/selenium/webdriver/support/wait.py\", line 87, in until\n    raise TimeoutException(message, screen, stacktrace)\n","steps":[],"attachments":[],"parameters":[],"stepsCount":0,"attachmentsCount":0,"shouldDisplayMessage":true,"hasContent":true},{"name":"And the board \"Example_board\" is selected","time":{"start":1655242825430,"stop":1655242825430,"duration":0},"status":"skipped","steps":[],"attachments":[],"parameters":[],"stepsCount":0,"attachmentsCount":0,"shouldDisplayMessage":false,"hasContent":false},{"name":"When the user clicks on button \"create_a_card_button\"","time":{"start":1655242825430,"stop":1655242825430,"duration":0},"status":"skipped","steps":[],"attachments":[],"parameters":[],"stepsCount":0,"attachmentsCount":0,"shouldDisplayMessage":false,"hasContent":false},{"name":"And send input value \"Example card\" to field \"create_card_input\"","time":{"start":1655242825430,"stop":1655242825430,"duration":0},"status":"skipped","steps":[],"attachments":[],"parameters":[],"stepsCount":0,"attachmentsCount":0,"shouldDisplayMessage":false,"hasContent":false},{"name":"And the user clicks on button \"submit_create_card_button\"","time":{"start":1655242825430,"stop":1655242825430,"duration":0},"status":"skipped","steps":[],"attachments":[],"parameters":[],"stepsCount":0,"attachmentsCount":0,"shouldDisplayMessage":false,"hasContent":false},{"name":"And the user clicks on button \"submit_create_card_button\"","time":{"start":1655242825430,"stop":1655242825430,"duration":0},"status":"skipped","steps":[],"attachments":[],"parameters":[],"stepsCount":0,"attachmentsCount":0,"shouldDisplayMessage":false,"hasContent":false},{"name":"Then element \"Example_card\" is displayed","time":{"start":1655242825430,"stop":1655242825431,"duration":1},"status":"skipped","steps":[],"attachments":[],"parameters":[],"stepsCount":0,"attachmentsCount":0,"shouldDisplayMessage":false,"hasContent":false}],"attachments":[],"parameters":[],"stepsCount":7,"attachmentsCount":0,"shouldDisplayMessage":false,"hasContent":true},"afterStages":[],"labels":[{"name":"severity","value":"normal"},{"name":"feature","value":"Test for Trello cards"},{"name":"framework","value":"behave"},{"name":"language","value":"cpython3"},{"name":"resultFormat","value":"allure2"}],"parameters":[],"links":[],"hidden":false,"retry":false,"extra":{"severity":"normal","retries":[],"categories":[{"name":"Test defects","matchedStatuses":[],"flaky":false}],"tags":[]},"source":"172249ace0130450.json","parameterValues":[]}