{"uid":"fbea239ddad47a62","name":"Create a Card on Trello","fullName":"Test for Trello cards: Create a Card on Trello","historyId":"bf59adc76cb0ce6ff87bd45a916dc5c4","time":{"start":1655245571584,"stop":1655245583846,"duration":12262},"status":"broken","statusMessage":"selenium.common.exceptions.StaleElementReferenceException: Message: stale element reference: element is not attached to the page document\n  (Session info: chrome=102.0.5005.61)\nStacktrace:\n0   chromedriver                        0x0000000101303d19 chromedriver + 5197081\n1   chromedriver                        0x0000000101291b23 chromedriver + 4729635\n2   chromedriver                        0x0000000100e6f2b8 chromedriver + 393912\n3   chromedriver                        0x0000000100e721a7 chromedriver + 405927\n4   chromedriver                        0x0000000100e72046 chromedriver + 405574\n5   chromedriver                        0x0000000100e72c0d chromedriver + 408589\n6   chromedriver                        0x0000000100ed4ec3 chromedriver + 810691\n7   chromedriver                        0x0000000100ec1802 chromedriver + 731138\n8   chromedriver                        0x0000000100ed42a1 chromedriver + 807585\n9   chromedriver                        0x0000000100ec16f3 chromedriver + 730867\n10  chromedriver                        0x0000000100e97a49 chromedriver + 559689\n11  chromedriver                        0x0000000100e98a75 chromedriver + 563829\n12  chromedriver                        0x00000001012d5bdd chromedriver + 5008349\n13  chromedriver                        0x00000001012dab64 chromedriver + 5028708\n14  chromedriver                        0x00000001012dfbcf chromedriver + 5049295\n15  chromedriver                        0x00000001012db7ca chromedriver + 5031882\n16  chromedriver                        0x00000001012b559f chromedriver + 4875679\n17  chromedriver                        0x00000001012f5388 chromedriver + 5137288\n18  chromedriver                        0x00000001012f550f chromedriver + 5137679\n19  chromedriver                        0x000000010130b085 chromedriver + 5226629\n20  libsystem_pthread.dylib             0x00007fff205d68fc _pthread_start + 224\n21  libsystem_pthread.dylib             0x00007fff205d2443 thread_start + 15\n\n","statusTrace":"  File \"/Users/runner/hostedtoolcache/Python/3.10.4/x64/lib/python3.10/site-packages/behave/model.py\", line 1329, in run\n    match.run(runner.context)\n  File \"/Users/runner/hostedtoolcache/Python/3.10.4/x64/lib/python3.10/site-packages/behave/matchers.py\", line 98, in run\n    self.func(context, *args, **kwargs)\n  File \"tests/gui/features/steps/common_steps.py\", line 54, in step_impl\n    UIInteractions.do_click(context.driver, UILocators.locators[locator])\n  File \"/Users/runner/work/bootcamp04-trello/bootcamp04-trello/main/utils/ui_interactions.py\", line 10, in do_click\n    WebDriverWait(driver, 5).until(EC.element_to_be_clickable(by_locator)).click()\n  File \"/Users/runner/hostedtoolcache/Python/3.10.4/x64/lib/python3.10/site-packages/selenium/webdriver/support/wait.py\", line 78, in until\n    value = method(self._driver)\n  File \"/Users/runner/hostedtoolcache/Python/3.10.4/x64/lib/python3.10/site-packages/selenium/webdriver/support/expected_conditions.py\", line 313, in _predicate\n    target = visibility_of(target)(driver)\n  File \"/Users/runner/hostedtoolcache/Python/3.10.4/x64/lib/python3.10/site-packages/selenium/webdriver/support/expected_conditions.py\", line 141, in _predicate\n    return _element_if_visible(element)\n  File \"/Users/runner/hostedtoolcache/Python/3.10.4/x64/lib/python3.10/site-packages/selenium/webdriver/support/expected_conditions.py\", line 147, in _element_if_visible\n    return element if element.is_displayed() == visibility else False\n  File \"/Users/runner/hostedtoolcache/Python/3.10.4/x64/lib/python3.10/site-packages/selenium/webdriver/remote/webelement.py\", line 627, in is_displayed\n    return self.parent.execute_script(\n  File \"/Users/runner/hostedtoolcache/Python/3.10.4/x64/lib/python3.10/site-packages/selenium/webdriver/remote/webdriver.py\", line 884, in execute_script\n    return self.execute(command, {\n  File \"/Users/runner/hostedtoolcache/Python/3.10.4/x64/lib/python3.10/site-packages/selenium/webdriver/remote/webdriver.py\", line 430, in execute\n    self.error_handler.check_response(response)\n  File \"/Users/runner/hostedtoolcache/Python/3.10.4/x64/lib/python3.10/site-packages/selenium/webdriver/remote/errorhandler.py\", line 247, in check_response\n    raise exception_class(message, screen, stacktrace)\n","flaky":false,"newFailed":false,"newBroken":false,"newPassed":false,"retriesCount":0,"retriesStatusChange":false,"beforeStages":[],"testStage":{"status":"broken","statusMessage":"selenium.common.exceptions.StaleElementReferenceException: Message: stale element reference: element is not attached to the page document\n  (Session info: chrome=102.0.5005.61)\nStacktrace:\n0   chromedriver                        0x0000000101303d19 chromedriver + 5197081\n1   chromedriver                        0x0000000101291b23 chromedriver + 4729635\n2   chromedriver                        0x0000000100e6f2b8 chromedriver + 393912\n3   chromedriver                        0x0000000100e721a7 chromedriver + 405927\n4   chromedriver                        0x0000000100e72046 chromedriver + 405574\n5   chromedriver                        0x0000000100e72c0d chromedriver + 408589\n6   chromedriver                        0x0000000100ed4ec3 chromedriver + 810691\n7   chromedriver                        0x0000000100ec1802 chromedriver + 731138\n8   chromedriver                        0x0000000100ed42a1 chromedriver + 807585\n9   chromedriver                        0x0000000100ec16f3 chromedriver + 730867\n10  chromedriver                        0x0000000100e97a49 chromedriver + 559689\n11  chromedriver                        0x0000000100e98a75 chromedriver + 563829\n12  chromedriver                        0x00000001012d5bdd chromedriver + 5008349\n13  chromedriver                        0x00000001012dab64 chromedriver + 5028708\n14  chromedriver                        0x00000001012dfbcf chromedriver + 5049295\n15  chromedriver                        0x00000001012db7ca chromedriver + 5031882\n16  chromedriver                        0x00000001012b559f chromedriver + 4875679\n17  chromedriver                        0x00000001012f5388 chromedriver + 5137288\n18  chromedriver                        0x00000001012f550f chromedriver + 5137679\n19  chromedriver                        0x000000010130b085 chromedriver + 5226629\n20  libsystem_pthread.dylib             0x00007fff205d68fc _pthread_start + 224\n21  libsystem_pthread.dylib             0x00007fff205d2443 thread_start + 15\n\n","statusTrace":"  File \"/Users/runner/hostedtoolcache/Python/3.10.4/x64/lib/python3.10/site-packages/behave/model.py\", line 1329, in run\n    match.run(runner.context)\n  File \"/Users/runner/hostedtoolcache/Python/3.10.4/x64/lib/python3.10/site-packages/behave/matchers.py\", line 98, in run\n    self.func(context, *args, **kwargs)\n  File \"tests/gui/features/steps/common_steps.py\", line 54, in step_impl\n    UIInteractions.do_click(context.driver, UILocators.locators[locator])\n  File \"/Users/runner/work/bootcamp04-trello/bootcamp04-trello/main/utils/ui_interactions.py\", line 10, in do_click\n    WebDriverWait(driver, 5).until(EC.element_to_be_clickable(by_locator)).click()\n  File \"/Users/runner/hostedtoolcache/Python/3.10.4/x64/lib/python3.10/site-packages/selenium/webdriver/support/wait.py\", line 78, in until\n    value = method(self._driver)\n  File \"/Users/runner/hostedtoolcache/Python/3.10.4/x64/lib/python3.10/site-packages/selenium/webdriver/support/expected_conditions.py\", line 313, in _predicate\n    target = visibility_of(target)(driver)\n  File \"/Users/runner/hostedtoolcache/Python/3.10.4/x64/lib/python3.10/site-packages/selenium/webdriver/support/expected_conditions.py\", line 141, in _predicate\n    return _element_if_visible(element)\n  File \"/Users/runner/hostedtoolcache/Python/3.10.4/x64/lib/python3.10/site-packages/selenium/webdriver/support/expected_conditions.py\", line 147, in _element_if_visible\n    return element if element.is_displayed() == visibility else False\n  File \"/Users/runner/hostedtoolcache/Python/3.10.4/x64/lib/python3.10/site-packages/selenium/webdriver/remote/webelement.py\", line 627, in is_displayed\n    return self.parent.execute_script(\n  File \"/Users/runner/hostedtoolcache/Python/3.10.4/x64/lib/python3.10/site-packages/selenium/webdriver/remote/webdriver.py\", line 884, in execute_script\n    return self.execute(command, {\n  File \"/Users/runner/hostedtoolcache/Python/3.10.4/x64/lib/python3.10/site-packages/selenium/webdriver/remote/webdriver.py\", line 430, in execute\n    self.error_handler.check_response(response)\n  File \"/Users/runner/hostedtoolcache/Python/3.10.4/x64/lib/python3.10/site-packages/selenium/webdriver/remote/errorhandler.py\", line 247, in check_response\n    raise exception_class(message, screen, stacktrace)\n","steps":[{"name":"Given the user is logged in","time":{"start":1655245571585,"stop":1655245575756,"duration":4171},"status":"passed","steps":[],"attachments":[],"parameters":[],"stepsCount":0,"attachmentsCount":0,"shouldDisplayMessage":false,"hasContent":false},{"name":"And the board \"Example_board\" is selected","time":{"start":1655245575756,"stop":1655245582434,"duration":6678},"status":"passed","steps":[],"attachments":[],"parameters":[],"stepsCount":0,"attachmentsCount":0,"shouldDisplayMessage":false,"hasContent":false},{"name":"When the user clicks on button \"create_a_card_button\"","time":{"start":1655245582435,"stop":1655245583382,"duration":947},"status":"passed","steps":[],"attachments":[],"parameters":[],"stepsCount":0,"attachmentsCount":0,"shouldDisplayMessage":false,"hasContent":false},{"name":"And send input value \"Example card\" to field \"create_card_input\"","time":{"start":1655245583382,"stop":1655245583660,"duration":278},"status":"passed","steps":[],"attachments":[],"parameters":[],"stepsCount":0,"attachmentsCount":0,"shouldDisplayMessage":false,"hasContent":false},{"name":"And the user clicks on button \"submit_create_card_button\"","time":{"start":1655245583661,"stop":1655245583768,"duration":107},"status":"passed","steps":[],"attachments":[],"parameters":[],"stepsCount":0,"attachmentsCount":0,"shouldDisplayMessage":false,"hasContent":false},{"name":"And the user clicks on button \"submit_create_card_button\"","time":{"start":1655245583769,"stop":1655245583846,"duration":77},"status":"broken","statusMessage":"selenium.common.exceptions.StaleElementReferenceException: Message: stale element reference: element is not attached to the page document\n  (Session info: chrome=102.0.5005.61)\nStacktrace:\n0   chromedriver                        0x0000000101303d19 chromedriver + 5197081\n1   chromedriver                        0x0000000101291b23 chromedriver + 4729635\n2   chromedriver                        0x0000000100e6f2b8 chromedriver + 393912\n3   chromedriver                        0x0000000100e721a7 chromedriver + 405927\n4   chromedriver                        0x0000000100e72046 chromedriver + 405574\n5   chromedriver                        0x0000000100e72c0d chromedriver + 408589\n6   chromedriver                        0x0000000100ed4ec3 chromedriver + 810691\n7   chromedriver                        0x0000000100ec1802 chromedriver + 731138\n8   chromedriver                        0x0000000100ed42a1 chromedriver + 807585\n9   chromedriver                        0x0000000100ec16f3 chromedriver + 730867\n10  chromedriver                        0x0000000100e97a49 chromedriver + 559689\n11  chromedriver                        0x0000000100e98a75 chromedriver + 563829\n12  chromedriver                        0x00000001012d5bdd chromedriver + 5008349\n13  chromedriver                        0x00000001012dab64 chromedriver + 5028708\n14  chromedriver                        0x00000001012dfbcf chromedriver + 5049295\n15  chromedriver                        0x00000001012db7ca chromedriver + 5031882\n16  chromedriver                        0x00000001012b559f chromedriver + 4875679\n17  chromedriver                        0x00000001012f5388 chromedriver + 5137288\n18  chromedriver                        0x00000001012f550f chromedriver + 5137679\n19  chromedriver                        0x000000010130b085 chromedriver + 5226629\n20  libsystem_pthread.dylib             0x00007fff205d68fc _pthread_start + 224\n21  libsystem_pthread.dylib             0x00007fff205d2443 thread_start + 15\n\n","statusTrace":"  File \"/Users/runner/hostedtoolcache/Python/3.10.4/x64/lib/python3.10/site-packages/behave/model.py\", line 1329, in run\n    match.run(runner.context)\n  File \"/Users/runner/hostedtoolcache/Python/3.10.4/x64/lib/python3.10/site-packages/behave/matchers.py\", line 98, in run\n    self.func(context, *args, **kwargs)\n  File \"tests/gui/features/steps/common_steps.py\", line 54, in step_impl\n    UIInteractions.do_click(context.driver, UILocators.locators[locator])\n  File \"/Users/runner/work/bootcamp04-trello/bootcamp04-trello/main/utils/ui_interactions.py\", line 10, in do_click\n    WebDriverWait(driver, 5).until(EC.element_to_be_clickable(by_locator)).click()\n  File \"/Users/runner/hostedtoolcache/Python/3.10.4/x64/lib/python3.10/site-packages/selenium/webdriver/support/wait.py\", line 78, in until\n    value = method(self._driver)\n  File \"/Users/runner/hostedtoolcache/Python/3.10.4/x64/lib/python3.10/site-packages/selenium/webdriver/support/expected_conditions.py\", line 313, in _predicate\n    target = visibility_of(target)(driver)\n  File \"/Users/runner/hostedtoolcache/Python/3.10.4/x64/lib/python3.10/site-packages/selenium/webdriver/support/expected_conditions.py\", line 141, in _predicate\n    return _element_if_visible(element)\n  File \"/Users/runner/hostedtoolcache/Python/3.10.4/x64/lib/python3.10/site-packages/selenium/webdriver/support/expected_conditions.py\", line 147, in _element_if_visible\n    return element if element.is_displayed() == visibility else False\n  File \"/Users/runner/hostedtoolcache/Python/3.10.4/x64/lib/python3.10/site-packages/selenium/webdriver/remote/webelement.py\", line 627, in is_displayed\n    return self.parent.execute_script(\n  File \"/Users/runner/hostedtoolcache/Python/3.10.4/x64/lib/python3.10/site-packages/selenium/webdriver/remote/webdriver.py\", line 884, in execute_script\n    return self.execute(command, {\n  File \"/Users/runner/hostedtoolcache/Python/3.10.4/x64/lib/python3.10/site-packages/selenium/webdriver/remote/webdriver.py\", line 430, in execute\n    self.error_handler.check_response(response)\n  File \"/Users/runner/hostedtoolcache/Python/3.10.4/x64/lib/python3.10/site-packages/selenium/webdriver/remote/errorhandler.py\", line 247, in check_response\n    raise exception_class(message, screen, stacktrace)\n","steps":[],"attachments":[],"parameters":[],"stepsCount":0,"attachmentsCount":0,"shouldDisplayMessage":true,"hasContent":true},{"name":"Then element \"Example_card\" is displayed","time":{"start":1655245583846,"stop":1655245583846,"duration":0},"status":"skipped","steps":[],"attachments":[],"parameters":[],"stepsCount":0,"attachmentsCount":0,"shouldDisplayMessage":false,"hasContent":false}],"attachments":[],"parameters":[],"stepsCount":7,"attachmentsCount":0,"shouldDisplayMessage":false,"hasContent":true},"afterStages":[],"labels":[{"name":"severity","value":"normal"},{"name":"tag","value":"wip"},{"name":"feature","value":"Test for Trello cards"},{"name":"framework","value":"behave"},{"name":"language","value":"cpython3"},{"name":"resultFormat","value":"allure2"}],"parameters":[],"links":[],"hidden":false,"retry":false,"extra":{"severity":"normal","retries":[],"categories":[{"name":"Test defects","matchedStatuses":[],"flaky":false}],"tags":["wip"]},"source":"fbea239ddad47a62.json","parameterValues":[]}